<?xml version="1.0" encoding="UTF-8"?>
<testng-results skipped="0" failed="0" total="1" passed="1">
  <reporter-output>
  </reporter-output>
  <suite name="Default suite" duration-ms="11528" started-at="2017-05-11T13:21:44Z" finished-at="2017-05-11T13:21:55Z">
    <groups>
    </groups>
    <test name="Default test" duration-ms="11528" started-at="2017-05-11T13:21:44Z" finished-at="2017-05-11T13:21:55Z">
      <class name="challengersnewpackage.NewTest">
        <test-method status="PASS" signature="beforeTest()[pri:0, instance:challengersnewpackage.NewTest@457e2f02]" name="beforeTest" is-config="true" duration-ms="5238" started-at="2017-05-11T23:21:44Z" finished-at="2017-05-11T23:21:49Z">
          <reporter-output>
          </reporter-output>
        </test-method> <!-- beforeTest -->
        <test-method status="PASS" signature="testEasy()[pri:0, instance:challengersnewpackage.NewTest@457e2f02]" name="testEasy" duration-ms="4901" started-at="2017-05-11T23:21:49Z" finished-at="2017-05-11T23:21:54Z">
          <reporter-output>
          </reporter-output>
        </test-method> <!-- testEasy -->
        <test-method status="PASS" signature="afterTest()[pri:0, instance:challengersnewpackage.NewTest@457e2f02]" name="afterTest" is-config="true" duration-ms="1346" started-at="2017-05-11T23:21:54Z" finished-at="2017-05-11T23:21:55Z">
          <reporter-output>
          </reporter-output>
        </test-method> <!-- afterTest -->
      </class> <!-- challengersnewpackage.NewTest -->
    </test> <!-- Default test -->
  </suite> <!-- Default suite -->
</testng-results>
